[01m[K/home/qiu/rm_ws/src/pu_and_su_cpp/src/simple_publisher.cpp:[m[K In member function â€˜[01m[Kvoid SimplePublisher::timer_callback()[m[Kâ€™:
[01m[K/home/qiu/rm_ws/src/pu_and_su_cpp/src/simple_publisher.cpp:21:9:[m[K [01;31m[Kerror: [m[Kâ€˜[01m[Kgen[m[Kâ€™ was not declared in this scope
   21 |         [01;31m[Kgen[m[K.(e())
      |         [01;31m[K^~~[m[K
[01m[K/home/qiu/rm_ws/src/pu_and_su_cpp/src/simple_publisher.cpp:21:13:[m[K [01;31m[Kerror: [m[Kexpected unqualified-id before â€˜[01m[K([m[Kâ€™ token
   21 |         gen.[01;31m[K([m[Ke())
      |             [01;31m[K^[m[K
[01m[K/home/qiu/rm_ws/src/pu_and_su_cpp/src/simple_publisher.cpp:25:24:[m[K [01;31m[Kerror: [m[Kâ€˜[01m[Kdist[m[Kâ€™ was not declared in this scope
   25 |         message.data = [01;31m[Kdist[m[K(gen);
      |                        [01;31m[K^~~~[m[K
gmake[2]: *** [CMakeFiles/simple_publisher.dir/build.make:76ï¼šCMakeFiles/simple_publisher.dir/src/simple_publisher.cpp.o] é”™è¯¯ 1
gmake[1]: *** [CMakeFiles/Makefile2:137ï¼šCMakeFiles/simple_publisher.dir/all] é”™è¯¯ 2
gmake: *** [Makefile:146ï¼šall] é”™è¯¯ 2
