[0.010s] Invoking command in '/home/qiu/rm_ws/build/pu_and_su_cpp': CMAKE_PREFIX_PATH=/opt/ros/humble /usr/bin/cmake --build /home/qiu/rm_ws/build/pu_and_su_cpp -- -j4 -l4
[0.054s] [35m[1mConsolidate compiler generated dependencies of target simple_publisher[0m
[0.073s] [ 50%] [32mBuilding CXX object CMakeFiles/simple_publisher.dir/src/simple_publisher.cpp.o[0m
[1.742s] [01m[K/home/qiu/rm_ws/src/pu_and_su_cpp/src/simple_publisher.cpp:[m[K In member function â€˜[01m[Kvoid SimplePublisher::timer_callback()[m[Kâ€™:
[1.742s] [01m[K/home/qiu/rm_ws/src/pu_and_su_cpp/src/simple_publisher.cpp:21:9:[m[K [01;31m[Kerror: [m[Kâ€˜[01m[Kgen[m[Kâ€™ was not declared in this scope
[1.742s]    21 |         [01;31m[Kgen[m[K.(e())
[1.742s]       |         [01;31m[K^~~[m[K
[1.742s] [01m[K/home/qiu/rm_ws/src/pu_and_su_cpp/src/simple_publisher.cpp:21:13:[m[K [01;31m[Kerror: [m[Kexpected unqualified-id before â€˜[01m[K([m[Kâ€™ token
[1.742s]    21 |         gen.[01;31m[K([m[Ke())
[1.742s]       |             [01;31m[K^[m[K
[1.744s] [01m[K/home/qiu/rm_ws/src/pu_and_su_cpp/src/simple_publisher.cpp:25:24:[m[K [01;31m[Kerror: [m[Kâ€˜[01m[Kdist[m[Kâ€™ was not declared in this scope
[1.744s]    25 |         message.data = [01;31m[Kdist[m[K(gen);
[1.744s]       |                        [01;31m[K^~~~[m[K
[2.349s] gmake[2]: *** [CMakeFiles/simple_publisher.dir/build.make:76ï¼šCMakeFiles/simple_publisher.dir/src/simple_publisher.cpp.o] é”™è¯¯ 1
[2.349s] gmake[1]: *** [CMakeFiles/Makefile2:137ï¼šCMakeFiles/simple_publisher.dir/all] é”™è¯¯ 2
[2.350s] gmake: *** [Makefile:146ï¼šall] é”™è¯¯ 2
[2.352s] Invoked command in '/home/qiu/rm_ws/build/pu_and_su_cpp' returned '2': CMAKE_PREFIX_PATH=/opt/ros/humble /usr/bin/cmake --build /home/qiu/rm_ws/build/pu_and_su_cpp -- -j4 -l4
