[0.011s] Invoking command in '/home/qiu/rm_ws/build/pu_and_su_cpp': CMAKE_PREFIX_PATH=${CMAKE_PREFIX_PATH}:/opt/ros/humble /usr/bin/cmake --build /home/qiu/rm_ws/build/pu_and_su_cpp -- -j4 -l4
[0.049s] [35m[1mConsolidate compiler generated dependencies of target simple_publisher[0m
[0.050s] [35m[1mConsolidate compiler generated dependencies of target simple_subscriber[0m
[0.066s] [ 25%] [32mBuilding CXX object CMakeFiles/simple_publisher.dir/src/simple_publisher.cpp.o[0m
[0.066s] [ 50%] [32mBuilding CXX object CMakeFiles/simple_subscriber.dir/src/simple_subscriber.cpp.o[0m
[1.977s] [01m[K/home/qiu/rm_ws/src/pu_and_su_cpp/src/simple_subscriber.cpp:[m[K In constructor â€˜[01m[KSimpleSubscriber::SimpleSubscriber(std::string)[m[Kâ€™:
[1.977s] [01m[K/home/qiu/rm_ws/src/pu_and_su_cpp/src/simple_subscriber.cpp:10:72:[m[K [01;31m[Kerror: [m[Kâ€˜[01m[Kspin[m[Kâ€™ has not been declared
[1.978s]    10 |         command_subscriber = this->create_subscription("subscriber",10,[01;31m[Kspin[m[K::bind(&SimpleSubscriber::subscriber_callback,this,std::placeholder::_1))
[1.978s]       |                                                                        [01;31m[K^~~~[m[K
[1.978s] [01m[K/home/qiu/rm_ws/src/pu_and_su_cpp/src/simple_subscriber.cpp:10:132:[m[K [01;31m[Kerror: [m[Kâ€˜[01m[Kstd::placeholder[m[Kâ€™ has not been declared
[1.978s]    10 |         command_subscriber = this->create_subscription("subscriber",10,spin::bind(&SimpleSubscriber::subscriber_callback,this,std::[01;31m[Kplaceholder[m[K::_1))
[1.978s]       |                                                                                                                                    [01;31m[K^~~~~~~~~~~[m[K
[2.306s] gmake[2]: *** [CMakeFiles/simple_subscriber.dir/build.make:76ï¼šCMakeFiles/simple_subscriber.dir/src/simple_subscriber.cpp.o] é”™è¯¯ 1
[2.306s] gmake[1]: *** [CMakeFiles/Makefile2:165ï¼šCMakeFiles/simple_subscriber.dir/all] é”™è¯¯ 2
[2.306s] gmake[1]: *** æ­£åœ¨ç­‰å¾…æœªå®Œæˆçš„ä»»åŠ¡....
[3.425s] [ 75%] [32m[1mLinking CXX executable simple_publisher[0m
[3.574s] [ 75%] Built target simple_publisher
[3.575s] gmake: *** [Makefile:146ï¼šall] é”™è¯¯ 2
[3.577s] Invoked command in '/home/qiu/rm_ws/build/pu_and_su_cpp' returned '2': CMAKE_PREFIX_PATH=${CMAKE_PREFIX_PATH}:/opt/ros/humble /usr/bin/cmake --build /home/qiu/rm_ws/build/pu_and_su_cpp -- -j4 -l4
