[35m[1mConsolidate compiler generated dependencies of target simple_publisher[0m
[ 50%] [32mBuilding CXX object CMakeFiles/simple_publisher.dir/src/simple_publisher.cpp.o[0m
[01m[K/home/qiu/rm_ws/src/pu_and_su_cpp/src/simple_publisher.cpp:[m[K In member function â€˜[01m[Kvoid SimplePublisher::init_random_generator()[m[Kâ€™:
[01m[K/home/qiu/rm_ws/src/pu_and_su_cpp/src/simple_publisher.cpp:23:9:[m[K [01;31m[Kerror: [m[Kâ€˜[01m[Kgen_[m[Kâ€™ was not declared in this scope
   23 |         [01;31m[Kgen_[m[K.seed(rd());
      |         [01;31m[K^~~~[m[K
[01m[K/home/qiu/rm_ws/src/pu_and_su_cpp/src/simple_publisher.cpp:24:9:[m[K [01;31m[Kerror: [m[Kâ€˜[01m[Kdist_[m[Kâ€™ was not declared in this scope
   24 |         [01;31m[Kdist_[m[K = std::uniform_int_distribution<int>(0,100);
      |         [01;31m[K^~~~~[m[K
[01m[K/home/qiu/rm_ws/src/pu_and_su_cpp/src/simple_publisher.cpp:[m[K In member function â€˜[01m[Kvoid SimplePublisher::timer_callback()[m[Kâ€™:
[01m[K/home/qiu/rm_ws/src/pu_and_su_cpp/src/simple_publisher.cpp:31:30:[m[K [01;31m[Kerror: [m[Kâ€˜[01m[Kgen_[m[Kâ€™ was not declared in this scope
   31 |         message.data = dist_([01;31m[Kgen_[m[K);
      |                              [01;31m[K^~~~[m[K
[01m[K/home/qiu/rm_ws/src/pu_and_su_cpp/src/simple_publisher.cpp:31:24:[m[K [01;31m[Kerror: [m[Kâ€˜[01m[Kdist_[m[Kâ€™ was not declared in this scope
   31 |         message.data = [01;31m[Kdist_[m[K(gen_);
      |                        [01;31m[K^~~~~[m[K
gmake[2]: *** [CMakeFiles/simple_publisher.dir/build.make:76ï¼šCMakeFiles/simple_publisher.dir/src/simple_publisher.cpp.o] é”™è¯¯ 1
gmake[1]: *** [CMakeFiles/Makefile2:137ï¼šCMakeFiles/simple_publisher.dir/all] é”™è¯¯ 2
gmake: *** [Makefile:146ï¼šall] é”™è¯¯ 2
