[0.012s] Invoking command in '/home/qiu/rm_ws/build/pu_and_su_cpp': CMAKE_PREFIX_PATH=/opt/ros/humble /usr/bin/cmake --build /home/qiu/rm_ws/build/pu_and_su_cpp -- -j4 -l4
[0.066s] [35m[1mConsolidate compiler generated dependencies of target simple_publisher[0m
[0.087s] [ 50%] [32mBuilding CXX object CMakeFiles/simple_publisher.dir/src/simple_publisher.cpp.o[0m
[2.130s] [01m[K/home/qiu/rm_ws/src/pu_and_su_cpp/src/simple_publisher.cpp:[m[K In member function â€˜[01m[Kvoid SimplePublisher::init_random_generator()[m[Kâ€™:
[2.131s] [01m[K/home/qiu/rm_ws/src/pu_and_su_cpp/src/simple_publisher.cpp:23:9:[m[K [01;31m[Kerror: [m[Kâ€˜[01m[Kgen_[m[Kâ€™ was not declared in this scope
[2.131s]    23 |         [01;31m[Kgen_[m[K.seed(rd());
[2.131s]       |         [01;31m[K^~~~[m[K
[2.135s] [01m[K/home/qiu/rm_ws/src/pu_and_su_cpp/src/simple_publisher.cpp:24:9:[m[K [01;31m[Kerror: [m[Kâ€˜[01m[Kdist_[m[Kâ€™ was not declared in this scope
[2.135s]    24 |         [01;31m[Kdist_[m[K = std::uniform_int_distribution<int>(0,100);
[2.135s]       |         [01;31m[K^~~~~[m[K
[2.140s] [01m[K/home/qiu/rm_ws/src/pu_and_su_cpp/src/simple_publisher.cpp:[m[K In member function â€˜[01m[Kvoid SimplePublisher::timer_callback()[m[Kâ€™:
[2.140s] [01m[K/home/qiu/rm_ws/src/pu_and_su_cpp/src/simple_publisher.cpp:31:30:[m[K [01;31m[Kerror: [m[Kâ€˜[01m[Kgen_[m[Kâ€™ was not declared in this scope
[2.141s]    31 |         message.data = dist_([01;31m[Kgen_[m[K);
[2.141s]       |                              [01;31m[K^~~~[m[K
[2.142s] [01m[K/home/qiu/rm_ws/src/pu_and_su_cpp/src/simple_publisher.cpp:31:24:[m[K [01;31m[Kerror: [m[Kâ€˜[01m[Kdist_[m[Kâ€™ was not declared in this scope
[2.143s]    31 |         message.data = [01;31m[Kdist_[m[K(gen_);
[2.143s]       |                        [01;31m[K^~~~~[m[K
[2.820s] gmake[2]: *** [CMakeFiles/simple_publisher.dir/build.make:76ï¼šCMakeFiles/simple_publisher.dir/src/simple_publisher.cpp.o] é”™è¯¯ 1
[2.820s] gmake[1]: *** [CMakeFiles/Makefile2:137ï¼šCMakeFiles/simple_publisher.dir/all] é”™è¯¯ 2
[2.820s] gmake: *** [Makefile:146ï¼šall] é”™è¯¯ 2
[2.823s] Invoked command in '/home/qiu/rm_ws/build/pu_and_su_cpp' returned '2': CMAKE_PREFIX_PATH=/opt/ros/humble /usr/bin/cmake --build /home/qiu/rm_ws/build/pu_and_su_cpp -- -j4 -l4
