[35m[1mConsolidate compiler generated dependencies of target simple_publisher[0m
[ 50%] [32mBuilding CXX object CMakeFiles/simple_publisher.dir/src/simple_publisher.cpp.o[0m
[01m[K/home/qiu/rm_ws/src/pu_and_su_cpp/src/simple_publisher.cpp:[m[K In member function â€˜[01m[Kvoid SimplePublisher::timer_callback()[m[Kâ€™:
[01m[K/home/qiu/rm_ws/src/pu_and_su_cpp/src/simple_publisher.cpp:23:32:[m[K [01;31m[Kerror: [m[Kexpected â€˜[01m[K;[m[Kâ€™ before â€˜[01m[Kmessage[m[Kâ€™
   23 |         std_msgs::msg::Int32() [01;31m[Kmessage[m[K;
      |                                [01;31m[K^~~~~~~[m[K
[01m[K/home/qiu/rm_ws/src/pu_and_su_cpp/src/simple_publisher.cpp:24:9:[m[K [01;31m[Kerror: [m[Kâ€˜[01m[Kmessage[m[Kâ€™ was not declared in this scope
   24 |         [01;31m[Kmessage[m[K.data = std::cout <<u(e) << std::end1;
      |         [01;31m[K^~~~~~~[m[K
[01m[K/home/qiu/rm_ws/src/pu_and_su_cpp/src/simple_publisher.cpp:24:49:[m[K [01;31m[Kerror: [m[Kâ€˜[01m[Kend1[m[Kâ€™ is not a member of â€˜[01m[Kstd[m[Kâ€™; did you mean â€˜[01m[Kends[m[Kâ€™?
   24 |         message.data = std::cout <<u(e) << std::[01;31m[Kend1[m[K;
      |                                                 [01;31m[K^~~~[m[K
      |                                                 [32m[Kends[m[K
gmake[2]: *** [CMakeFiles/simple_publisher.dir/build.make:76ï¼šCMakeFiles/simple_publisher.dir/src/simple_publisher.cpp.o] é”™è¯¯ 1
gmake[1]: *** [CMakeFiles/Makefile2:137ï¼šCMakeFiles/simple_publisher.dir/all] é”™è¯¯ 2
gmake: *** [Makefile:146ï¼šall] é”™è¯¯ 2
